<?xml version="1.0" encoding="UTF-8"?>
<testng-results ignored="0" total="2" passed="2" failed="0" skipped="0">
  <reporter-output>
  </reporter-output>
  <suite started-at="2025-11-05T13:02:27 IST" name="Selenium Automation Suite" finished-at="2025-11-05T13:02:48 IST" duration-ms="20719">
    <groups>
    </groups>
    <test started-at="2025-11-05T13:02:27 IST" name="Sample Tests" finished-at="2025-11-05T13:02:48 IST" duration-ms="20719">
      <class name="demo.ShopperStack">
        <test-method signature="Sample1()[pri:0, instance:demo.ShopperStack@5fdcaa40]" started-at="2025-11-05T13:02:27 IST" name="Sample1" finished-at="2025-11-05T13:02:38 IST" duration-ms="11015" status="PASS">
          <reporter-output>
          </reporter-output>
        </test-method> <!-- Sample1 -->
      </class> <!-- demo.ShopperStack -->
      <class name="demo.ShopperStack2">
        <test-method signature="Sample2()[pri:0, instance:demo.ShopperStack2@6aba2b86]" started-at="2025-11-05T13:02:38 IST" name="Sample2" finished-at="2025-11-05T13:02:48 IST" duration-ms="9643" status="PASS">
          <reporter-output>
          </reporter-output>
        </test-method> <!-- Sample2 -->
      </class> <!-- demo.ShopperStack2 -->
    </test> <!-- Sample Tests -->
  </suite> <!-- Selenium Automation Suite -->
</testng-results>
