<?xml version="1.0" encoding="UTF-8"?>
<testng-results ignored="0" total="1" passed="1" failed="0" skipped="0">
  <reporter-output>
  </reporter-output>
  <suite started-at="2025-11-05T00:31:56 IST" name="Default suite" finished-at="2025-11-05T00:32:05 IST" duration-ms="8407">
    <groups>
    </groups>
    <test started-at="2025-11-05T00:31:56 IST" name="Default test" finished-at="2025-11-05T00:32:05 IST" duration-ms="8407">
      <class name="demo.ShopperStack2">
        <test-method signature="Sample2()[pri:0, instance:demo.ShopperStack2@31190526]" started-at="2025-11-05T00:31:57 IST" name="Sample2" finished-at="2025-11-05T00:32:05 IST" duration-ms="8330" status="PASS">
          <reporter-output>
          </reporter-output>
        </test-method> <!-- Sample2 -->
      </class> <!-- demo.ShopperStack2 -->
    </test> <!-- Default test -->
  </suite> <!-- Default suite -->
</testng-results>
